Oracle requests: 25428
Retrieving data from CouchDB ...
CouchDB requests: 26015
Comparing Oracle and CouchDB requests ...
CouchDB requests not present in Oracle:
591 requests
CMSSW_5_3_2_patch5_EXO-Summer12_DR53X-00033_T1_TW_ASGC_MSS_PREP_v1__120928_211815_5839
CMSSW_5_3_2_patch5_EXO-Summer12_DR53X-00034_T1_TW_ASGC_MSS_PREP_v1__120928_211817_8214
CMSSW_5_3_2_patch5_EXO-Summer12_DR53X-00035_T1_TW_ASGC_MSS_PREP_v1__120928_211819_6139
CMSSW_5_3_2_patch5_EXO-Summer12_DR53X-00036_T1_TW_ASGC_MSS_PREP_v1__120928_211822_2361
CMSSW_5_3_2_patch5_EXO-Summer12_DR53X-00037_T1_TW_ASGC_MSS_PREP_v1__120928_211824_3233
CMSSW_5_3_2_patch5_EXO-Summer12_DR53X-00052_T1_IT_CNAF_MSS_PREP_v1__120928_211826_594
CMSSW_5_3_2_patch5_EXO-Summer12_DR53X-00053_T1_IT_CNAF_MSS_PREP_v1__120928_211828_1440
CMSSW_5_3_2_patch5_EXO-Summer12_DR53X-00054_T1_IT_CNAF_MSS_PREP_v1__120928_211830_2431
CMSSW_5_3_2_patch5_EXO-Summer12_DR53X-00056_T1_IT_CNAF_MSS_PREP_v1__120928_211833_1069
CMSSW_5_3_2_patch5_EXO-Summer12_DR53X-00067_T1_ES_PIC_MSS_PREP_v1__120928_211834_6785
CMSSW_5_3_2_patch5_EXO-Summer12_DR53X-00068_T1_ES_PIC_MSS_PREP_v1__120928_211837_2583
CMSSW_5_3_2_patch5_EXO-Summer12_DR53X-00069_T1_ES_PIC_MSS_PREP_v1__120928_211839_3766
CMSSW_5_3_2_patch5_EXO-Summer12_DR53X-00070_T1_ES_PIC_MSS_PREP_v1__120928_211840_9439
CMSSW_5_3_2_patch5_EXO-Summer12_DR53X-00071_T1_ES_PIC_MSS_PREP_v1__120928_211843_6091
CMSSW_5_3_2_patch5_EXO-Summer12_DR53X-00072_T1_ES_PIC_MSS_PREP_v1__120928_211845_8047
CMSSW_5_3_2_patch5_EXO-Summer12_DR53X-00073_T1_ES_PIC_MSS_PREP_v1__120928_211847_9282
CMSSW_5_3_2_patch5_EXO-Summer12_DR53X-00074_T1_ES_PIC_MSS_PREP_v1__120928_211850_944
CMSSW_5_3_2_patch5_EXO-Summer12_DR53X-00075_T1_ES_PIC_MSS_PREP_v1__120928_211852_3298
CMSSW_5_3_2_patch5_EXO-Summer12_DR53X-00076_T1_ES_PIC_MSS_PREP_v1__120928_211854_4388
CMSSW_5_3_2_patch5_EXO-Summer12_DR53X-00086_T1_TW_ASGC_MSS_PREP_v1__120928_211856_542
CMSSW_5_3_2_patch5_EXO-Summer12_DR53X-00087_T1_TW_ASGC_MSS_PREP_v1__120928_211858_6577
CMSSW_5_3_2_patch5_EXO-Summer12_DR53X-00092_T1_TW_ASGC_MSS_PREP_v1__120928_211900_9337
CMSSW_5_3_2_patch5_EXO-Summer12_DR53X-00093_T1_TW_ASGC_MSS_PREP_v1__120928_211903_1358
CMSSW_5_3_2_patch5_EXO-Summer12_DR53X-00121_T1_ES_PIC_MSS_PREP_v1__120928_211905_2455
CMSSW_5_3_2_patch5_EXO-Summer12_DR53X-00122_T1_ES_PIC_MSS_PREP_v1__120928_211907_3885
CMSSW_5_3_2_patch5_EXO-Summer12_DR53X-00152_T1_ES_PIC_MSS_PREP_v1__120928_211909_529
CMSSW_5_3_2_patch5_EXO-Summer12_DR53X-00159_T1_IT_CNAF_MSS_PREP_v1__120928_211911_7493
CMSSW_5_3_2_patch5_EXO-Summer12_DR53X-00162_T1_IT_CNAF_MSS_PREP_v1__120928_211913_9224
CMSSW_5_3_2_patch5_EXO-Summer12_DR53X-00198_T1_TW_ASGC_MSS_PREP_v1__120928_211915_6810
CMSSW_5_3_2_patch5_EXO-Summer12_DR53X-00199_T1_ES_PIC_MSS_PREP_v1__120928_211917_9895
CMSSW_5_3_2_patch5_EXO-Summer12_DR53X-00201_T1_TW_ASGC_MSS_PREP_v1__120928_211920_7829
CMSSW_5_3_2_patch5_EXO-Summer12_DR53X-00202_T1_TW_ASGC_MSS_PREP_v1__120928_211922_4378
CMSSW_5_3_2_patch5_EXO-Summer12_DR53X-00204_T1_TW_ASGC_MSS_PREP_v1__120928_211924_4842
CMSSW_5_3_2_patch5_EXO-Summer12_DR53X-00205_T1_ES_PIC_MSS_PREP_v1__120928_211927_594
CMSSW_5_3_2_patch5_EXO-Summer12_DR53X-00206_T1_ES_PIC_MSS_PREP_v1__120928_211929_3191
CMSSW_5_3_2_patch5_EXO-Summer12_DR53X-00349_T1_ES_PIC_MSS_PREP_v1__120928_211931_4159
CMSSW_5_3_2_patch5_EXO-Summer12_DR53X-00350_T1_ES_PIC_MSS_PREP_v1__120928_211934_6609
CMSSW_5_3_2_patch5_EXO-Summer12_DR53X-00351_T1_ES_PIC_MSS_PREP_v1__120928_211936_2237
CMSSW_5_3_2_patch5_EXO-Summer12_DR53X-00352_T1_ES_PIC_MSS_PREP_v1__120928_211938_8081
CMSSW_5_3_2_patch5_EXO-Summer12_DR53X-00353_T1_ES_PIC_MSS_PREP_v1__120928_211940_9205
CMSSW_5_3_2_patch5_EXO-Summer12_DR53X-00354_T1_ES_PIC_MSS_PREP_v1__120928_211942_9273
CMSSW_5_3_2_patch5_EXO-Summer12_DR53X-00355_T1_ES_PIC_MSS_PREP_v1__120928_211944_9565
CMSSW_5_3_2_patch5_EXO-Summer12_DR53X-00362_T1_TW_ASGC_MSS_PREP_v1__120928_211946_5034
CMSSW_5_3_2_patch5_EXO-Summer12_DR53X-00363_T1_TW_ASGC_MSS_PREP_v1__120928_211948_5487
CMSSW_5_3_2_patch5_EXO-Summer12_DR53X-00364_T1_TW_ASGC_MSS_PREP_v1__120928_211951_1470
CMSSW_5_3_2_patch5_EXO-Summer12_DR53X-00365_T1_TW_ASGC_MSS_PREP_v1__120928_211952_6842
CMSSW_5_3_2_patch5_EXO-Summer12_DR53X-00366_T1_TW_ASGC_MSS_PREP_v1__120928_211954_9325
CMSSW_5_3_2_patch5_EXO-Summer12_DR53X-00367_T1_TW_ASGC_MSS_PREP_v1__120928_211957_6117
CMSSW_5_3_2_patch5_EXO-Summer12_DR53X-00368_T1_TW_ASGC_MSS_PREP_v1__120928_211959_2479
CMSSW_5_3_2_patch5_EXO-Summer12_DR53X-00404_T1_ES_PIC_MSS_PREP_v1__120928_212001_9620
CMSSW_5_3_2_patch5_EXO-Summer12_DR53X-00405_T1_ES_PIC_MSS_PREP_v1__120928_212004_9152
CMSSW_5_3_2_patch5_EXO-Summer12_DR53X-00406_T1_ES_PIC_MSS_PREP_v1__120928_212006_9441
CMSSW_5_3_2_patch5_EXO-Summer12_DR53X-00407_T1_ES_PIC_MSS_PREP_v1__120928_212009_3172
CMSSW_5_3_2_patch5_EXO-Summer12_DR53X-00408_T1_ES_PIC_MSS_PREP_v1__120928_212011_4317
CMSSW_5_3_2_patch5_EXO-Summer12_DR53X-00409_T1_ES_PIC_MSS_PREP_v1__120928_212013_4974
CMSSW_5_3_2_patch5_EXO-Summer12_DR53X-00410_T1_ES_PIC_MSS_PREP_v1__120928_212015_9402
CMSSW_5_3_2_patch5_EXO-Summer12_DR53X-00411_T1_ES_PIC_MSS_PREP_v1__120928_212018_505
CMSSW_5_3_2_patch5_EXO-Summer12_DR53X-00412_T1_ES_PIC_MSS_PREP_v1__120928_212020_6753
CMSSW_5_3_2_patch5_EXO-Summer12_DR53X-00413_T1_ES_PIC_MSS_PREP_v1__120928_212022_2609
CMSSW_5_3_2_patch5_EXO-Summer12_DR53X-00446_T1_ES_PIC_MSS_PREP_v1__120928_212024_1512
CMSSW_5_3_2_patch5_EXO-Summer12_DR53X-00447_T1_ES_PIC_MSS_PREP_v1__120928_212026_1303
CMSSW_5_3_2_patch5_EXO-Summer12_DR53X-00448_T1_ES_PIC_MSS_PREP_v1__120928_212028_5808
CMSSW_5_3_2_patch5_EXO-Summer12_DR53X-00450_T1_ES_PIC_MSS_PREP_v1__120928_212030_8027
CMSSW_5_3_2_patch5_EXO-Summer12_DR53X-00452_T1_ES_PIC_MSS_PREP_v1__120928_212032_9761
CMSSW_5_3_2_patch5_EXO-Summer12_DR53X-00453_T1_ES_PIC_MSS_PREP_v1__120928_212035_212
CMSSW_5_3_2_patch5_EXO-Summer12_DR53X-00470_T1_IT_CNAF_MSS_PREP_v1__120928_212037_8268
CMSSW_5_3_2_patch5_EXO-Summer12_DR53X-00471_T1_IT_CNAF_MSS_PREP_v1__120928_212040_1902
CMSSW_5_3_2_patch5_EXO-Summer12_DR53X-00473_T1_IT_CNAF_MSS_PREP_v1__120928_212042_4008
CMSSW_5_3_2_patch5_EXO-Summer12_DR53X-00474_T1_IT_CNAF_MSS_PREP_v1__120928_212044_7190
CMSSW_5_3_2_patch5_EXO-Summer12_DR53X-00475_T1_IT_CNAF_MSS_PREP_v1__120928_212046_5584
CMSSW_5_3_2_patch5_EXO-Summer12_DR53X-00476_T1_IT_CNAF_MSS_PREP_v1__120928_212048_8455
CMSSW_5_3_2_patch5_EXO-Summer12_DR53X-00477_T1_TW_ASGC_MSS_PREP_v1__120928_212051_2162
CMSSW_5_3_2_patch5_EXO-Summer12_DR53X-00478_T1_IT_CNAF_MSS_PREP_v1__120928_212053_3291
CMSSW_5_3_2_patch5_EXO-Summer12_DR53X-00479_T1_IT_CNAF_MSS_PREP_v1__120928_212054_9371
CMSSW_5_3_2_patch5_EXO-Summer12_DR53X-00481_T1_IT_CNAF_MSS_PREP_v1__120928_212057_6327
CMSSW_5_3_2_patch5_EXO-Summer12_DR53X-00482_T1_IT_CNAF_MSS_PREP_v1__120928_212059_7007
CMSSW_5_3_2_patch5_EXO-Summer12_DR53X-00483_T1_IT_CNAF_MSS_PREP_v1__120928_212101_6922
CMSSW_5_3_2_patch5_EXO-Summer12_DR53X-00484_T1_IT_CNAF_MSS_PREP_v1__120928_212103_8470
CMSSW_5_3_2_patch5_EXO-Summer12_DR53X-00485_T1_IT_CNAF_MSS_PREP_v1__120928_212105_6059
CMSSW_5_3_2_patch5_EXO-Summer12_DR53X-00487_T1_IT_CNAF_MSS_PREP_v1__120928_212107_7061
CMSSW_5_3_2_patch5_EXO-Summer12_DR53X-00488_T1_IT_CNAF_MSS_PREP_v1__120928_212109_7200
CMSSW_5_3_2_patch5_EXO-Summer12_DR53X-00503_T1_ES_PIC_MSS_PREP_v1__120928_212111_7697
CMSSW_5_3_2_patch5_EXO-Summer12_DR53X-00504_T1_ES_PIC_MSS_PREP_v1__120928_212114_3134
CMSSW_5_3_2_patch5_EXO-Summer12_DR53X-00505_T1_ES_PIC_MSS_PREP_v1__120928_212116_244
CMSSW_5_3_2_patch5_EXO-Summer12_DR53X-00681_T1_ES_PIC_MSS_PREP_v1__120928_212118_8732
CMSSW_5_3_2_patch5_EXO-Summer12_DR53X-00682_T1_ES_PIC_MSS_PREP_v1__120928_212122_2985
CMSSW_5_3_2_patch5_EXO-Summer12_DR53X-00683_T1_ES_PIC_MSS_PREP_v1__120928_212124_4947
CMSSW_5_3_2_patch5_EXO-Summer12_DR53X-00685_T1_ES_PIC_MSS_PREP_v1__120928_212126_7232
CMSSW_5_3_2_patch5_EXO-Summer12_DR53X-00687_T1_ES_PIC_MSS_PREP_v1__120928_212129_329
CMSSW_5_3_2_patch5_EXO-Summer12_DR53X-00767_T1_ES_PIC_MSS_PREP_v1__120928_212131_6220
CMSSW_5_3_2_patch5_EXO-Summer12_DR53X-00769_T1_ES_PIC_MSS_PREP_v1__120928_212133_7591
CMSSW_5_3_2_patch5_EXO-Summer12_DR53X-00773_T1_ES_PIC_MSS_PREP_v1__120928_212135_9435
CMSSW_5_3_2_patch5_EXO-Summer12_DR53X-01135_T1_ES_PIC_MSS_PREP_v1__120928_212138_1515
CMSSW_5_3_2_patch5_EXO-Summer12_DR53X-01137_T1_ES_PIC_MSS_PREP_v1__120928_212140_1689
CMSSW_5_3_2_patch5_EXO-Summer12_DR53X-01138_T1_ES_PIC_MSS_PREP_v1__120928_212142_853
CMSSW_5_3_2_patch5_EXO-Summer12_DR53X-01139_T1_ES_PIC_MSS_PREP_v1__120928_212144_1982
CMSSW_5_3_2_patch5_EXO-Summer12_DR53X-01141_T1_ES_PIC_MSS_PREP_v1__120928_212146_228
CMSSW_5_3_2_patch5_EXO-Summer12_DR53X-01142_T1_ES_PIC_MSS_PREP_v1__120928_212148_5394
CMSSW_5_3_2_patch5_EXO-Summer12_DR53X-01143_T1_ES_PIC_MSS_PREP_v1__120928_212150_6024
CMSSW_5_3_2_patch5_EXO-Summer12_DR53X-01144_T1_ES_PIC_MSS_PREP_v1__120928_212152_3046
CMSSW_5_3_2_patch5_EXO-Summer12_DR53X-01165_T1_TW_ASGC_MSS_PREP_v1__120928_212154_7812
CMSSW_5_3_2_patch5_EXO-Summer12_DR53X-01166_T1_TW_ASGC_MSS_PREP_v1__120928_212156_7597
CMSSW_5_3_2_patch5_EXO-Summer12_DR53X-01168_T1_TW_ASGC_MSS_PREP_v1__120928_212158_4307
CMSSW_5_3_2_patch5_EXO-Summer12_DR53X-01169_T1_TW_ASGC_MSS_PREP_v1__120928_212200_4760
CMSSW_5_3_2_patch5_EXO-Summer12_DR53X-01170_T1_IT_CNAF_MSS_PREP_v1__120928_212203_5304
CMSSW_5_3_2_patch5_EXO-Summer12_DR53X-01171_T1_IT_CNAF_MSS_PREP_v1__120928_212205_2507
CMSSW_5_3_2_patch5_EXO-Summer12_DR53X-01172_T1_IT_CNAF_MSS_PREP_v1__120928_212207_6980
CMSSW_5_3_2_patch5_EXO-Summer12_DR53X-01173_T1_IT_CNAF_MSS_PREP_v1__120928_212210_901
CMSSW_5_3_2_patch5_EXO-Summer12_DR53X-01174_T1_IT_CNAF_MSS_PREP_v1__120928_212212_2643
CMSSW_5_3_2_patch5_EXO-Summer12_DR53X-01175_T1_IT_CNAF_MSS_PREP_v1__120928_212213_9083
CMSSW_5_3_2_patch5_EXO-Summer12_DR53X-01176_T1_IT_CNAF_MSS_PREP_v1__120928_212216_3606
CMSSW_5_3_2_patch5_EXO-Summer12_DR53X-01177_T1_IT_CNAF_MSS_PREP_v1__120928_212218_4596
CMSSW_5_3_2_patch5_EXO-Summer12_DR53X-01178_T1_IT_CNAF_MSS_PREP_v1__120928_212220_3961
CMSSW_5_3_2_patch5_EXO-Summer12_DR53X-01179_T1_IT_CNAF_MSS_PREP_v1__120928_212222_4635
CMSSW_5_3_2_patch5_EXO-Summer12_DR53X-01213_T1_IT_CNAF_MSS_PREP_v1__120928_212224_365
CMSSW_5_3_2_patch5_EXO-Summer12_DR53X-01214_T1_IT_CNAF_MSS_PREP_v1__120928_212226_5253
CMSSW_5_3_2_patch5_EXO-Summer12_DR53X-01215_T1_TW_ASGC_MSS_PREP_v1__120928_212228_2435
CMSSW_5_3_2_patch5_EXO-Summer12_DR53X-01216_T1_TW_ASGC_MSS_PREP_v1__120928_212230_7324
CMSSW_5_3_2_patch5_EXO-Summer12_DR53X-01217_T1_TW_ASGC_MSS_PREP_v1__120928_212233_6949
CMSSW_5_3_2_patch5_EXO-Summer12_DR53X-01218_T1_IT_CNAF_MSS_PREP_v1__120928_212236_880
CMSSW_5_3_2_patch5_EXO-Summer12_DR53X-01276_T1_IT_CNAF_MSS_PREP_v1__120928_212238_3352
CMSSW_5_3_2_patch5_EXO-Summer12_DR53X-01277_T1_IT_CNAF_MSS_PREP_v1__120928_212240_335
CMSSW_5_3_2_patch5_EXO-Summer12_DR53X-01278_T1_TW_ASGC_MSS_PREP_v1__120928_212242_6614
CMSSW_5_3_2_patch5_EXO-Summer12_DR53X-01279_T1_TW_ASGC_MSS_PREP_v1__120928_212244_8893
CMSSW_5_3_2_patch5_EXO-Summer12_DR53X-01280_T1_TW_ASGC_MSS_PREP_v1__120928_212247_793
CMSSW_5_3_2_patch5_EXO-Summer12_DR53X-01281_T1_TW_ASGC_MSS_PREP_v1__120928_212249_1292
CMSSW_5_3_2_patch5_EXO-Summer12_DR53X-01282_T1_TW_ASGC_MSS_PREP_v1__120928_212250_7301
CMSSW_5_3_2_patch5_EXO-Summer12_DR53X-01283_T1_TW_ASGC_MSS_PREP_v1__120928_212252_8429
CMSSW_5_3_2_patch5_EXO-Summer12_DR53X-01284_T1_TW_ASGC_MSS_PREP_v1__120928_212255_4466
CMSSW_5_3_2_patch5_EXO-Summer12_DR53X-01285_T1_TW_ASGC_MSS_PREP_v1__120928_212257_5496
CMSSW_5_3_2_patch5_EXO-Summer12_DR53X-01286_T1_IT_CNAF_MSS_PREP_v1__120928_212259_2599
CMSSW_5_3_2_patch5_EXO-Summer12_DR53X-01287_T1_IT_CNAF_MSS_PREP_v1__120928_212301_9667
CMSSW_5_3_2_patch5_EXO-Summer12_DR53X-01288_T1_IT_CNAF_MSS_PREP_v1__120928_212304_3194
CMSSW_5_3_2_patch5_EXO-Summer12_DR53X-01289_T1_IT_CNAF_MSS_PREP_v1__120928_212306_6544
CMSSW_5_3_2_patch5_EXO-Summer12_DR53X-01290_T1_IT_CNAF_MSS_PREP_v1__120928_212308_8538
CMSSW_5_3_2_patch5_EXO-Summer12_DR53X-01291_T1_IT_CNAF_MSS_PREP_v1__120928_212310_4539
CMSSW_5_3_2_patch5_EXO-Summer12_DR53X-01292_T1_IT_CNAF_MSS_PREP_v1__120928_212313_1435
CMSSW_5_3_2_patch5_EXO-Summer12_DR53X-01293_T1_IT_CNAF_MSS_PREP_v1__120928_212314_8639
CMSSW_5_3_2_patch5_EXO-Summer12_DR53X-01294_T1_IT_CNAF_MSS_PREP_v1__120928_212317_7508
CMSSW_5_3_2_patch5_EXO-Summer12_DR53X-01303_T1_TW_ASGC_MSS_PREP_v1__120928_212321_6226
CMSSW_5_3_2_patch5_EXO-Summer12_DR53X-01305_T1_TW_ASGC_MSS_PREP_v1__120928_212323_8519
CMSSW_5_3_2_patch5_EXO-Summer12_DR53X-01306_T1_TW_ASGC_MSS_PREP_v1__120928_212326_6023
CMSSW_5_3_2_patch5_EXO-Summer12_DR53X-01317_T1_TW_ASGC_MSS_PREP_v1__120928_212329_2180
CMSSW_5_3_2_patch5_EXO-Summer12_DR53X-01366_T1_TW_ASGC_MSS_PREP_v1__120928_212331_5227
CMSSW_5_3_2_patch5_EXO-Summer12_DR53X-01367_T1_TW_ASGC_MSS_PREP_v1__120928_212333_6442
CMSSW_5_3_2_patch5_EXO-Summer12_DR53X-01368_T1_TW_ASGC_MSS_PREP_v1__120928_212335_1805
CMSSW_5_3_2_patch5_EXO-Summer12_DR53X-01369_T1_TW_ASGC_MSS_PREP_v1__120928_212338_2293
CMSSW_5_3_2_patch5_EXO-Summer12_DR53X-01370_T1_TW_ASGC_MSS_PREP_v1__120928_212340_9022
CMSSW_5_3_2_patch5_EXO-Summer12_DR53X-01371_T1_TW_ASGC_MSS_PREP_v1__120928_212342_9794
CMSSW_5_3_2_patch5_EXO-Summer12_DR53X-01372_T1_TW_ASGC_MSS_PREP_v1__120928_212344_6323
CMSSW_5_3_2_patch5_EXO-Summer12_DR53X-01373_T1_TW_ASGC_MSS_PREP_v1__120928_212346_7946
CMSSW_5_3_2_patch5_EXO-Summer12_DR53X-01374_T1_TW_ASGC_MSS_PREP_v1__120928_212348_9457
CMSSW_5_3_2_patch5_EXO-Summer12_DR53X-01375_T1_TW_ASGC_MSS_PREP_v1__120928_212351_1801
CMSSW_5_3_2_patch5_HIG-Summer12_DR53X-00041_T1_US_FNAL_MSS_PREP_v1__120928_212353_9252
CMSSW_5_3_2_patch5_HIG-Summer12_DR53X-00084_T1_US_FNAL_MSS_PREP_v1__120928_212355_5094
CMSSW_5_3_2_patch5_HIG-Summer12_DR53X-00088_T1_US_FNAL_MSS_PREP_v1__120928_212358_3322
CMSSW_5_3_2_patch5_HIG-Summer12_DR53X-00090_T1_US_FNAL_MSS_PREP_v1__120928_212400_5932
CMSSW_5_3_2_patch5_HIG-Summer12_DR53X-00107_T1_US_FNAL_MSS_PREP_v1__120928_212402_8728
CMSSW_5_3_2_patch5_HIG-Summer12_DR53X-00195_T1_US_FNAL_MSS_PREP_v1__120928_212405_479
CMSSW_5_3_2_patch5_HIG-Summer12_DR53X-00200_T1_DE_KIT_MSS_PREP_v1__120928_212407_2926
CMSSW_5_3_2_patch5_HIG-Summer12_DR53X-00202_T1_DE_KIT_MSS_PREP_v1__120928_212408_9070
CMSSW_5_3_2_patch5_HIG-Summer12_DR53X-00206_T1_DE_KIT_MSS_PREP_v1__120928_212411_7549
CMSSW_5_3_2_patch5_HIG-Summer12_DR53X-00211_T1_IT_CNAF_MSS_PREP_v1__120928_212413_5337
CMSSW_5_3_2_patch5_HIG-Summer12_DR53X-00214_T1_TW_ASGC_MSS_PREP_v1__120928_212417_1924
CMSSW_5_3_2_patch5_HIG-Summer12_DR53X-00215_T1_TW_ASGC_MSS_PREP_v1__120928_212418_8746
CMSSW_5_3_2_patch5_HIG-Summer12_DR53X-00216_T1_TW_ASGC_MSS_PREP_v1__120928_212421_5526
CMSSW_5_3_2_patch5_HIG-Summer12_DR53X-00217_T1_TW_ASGC_MSS_PREP_v1__120928_212423_6482
CMSSW_5_3_2_patch5_HIG-Summer12_DR53X-00244_T1_DE_KIT_MSS_PREP_v1__120928_212425_9783
CMSSW_5_3_2_patch5_HIG-Summer12_DR53X-00257_T1_US_FNAL_MSS_PREP_v1__120928_212428_4715
CMSSW_5_3_2_patch5_HIG-Summer12_DR53X-00280_T1_TW_ASGC_MSS_PREP_v1__120928_212430_6289
CMSSW_5_3_2_patch5_HIG-Summer12_DR53X-00281_T1_TW_ASGC_MSS_PREP_v1__120928_212432_7265
CMSSW_5_3_2_patch5_HIG-Summer12_DR53X-00282_T1_TW_ASGC_MSS_PREP_v1__120928_212434_8197
CMSSW_5_3_2_patch5_HIG-Summer12_DR53X-00283_T1_TW_ASGC_MSS_PREP_v1__120928_212436_3808
CMSSW_5_3_2_patch5_HIG-Summer12_DR53X-00284_T1_DE_KIT_MSS_PREP_v1__120928_212438_5816
CMSSW_5_3_2_patch5_HIG-Summer12_DR53X-00286_T1_TW_ASGC_MSS_PREP_v1__120928_212441_1394
CMSSW_5_3_2_patch5_HIG-Summer12_DR53X-00287_T1_TW_ASGC_MSS_PREP_v1__120928_212443_2551
CMSSW_5_3_2_patch5_HIG-Summer12_DR53X-00314_T1_IT_CNAF_MSS_PREP_v1__120928_212445_3002
CMSSW_5_3_2_patch5_HIG-Summer12_DR53X-00317_T1_IT_CNAF_MSS_PREP_v1__120928_212446_9453
CMSSW_5_3_2_patch5_HIG-Summer12_DR53X-00318_T1_IT_CNAF_MSS_PREP_v1__120928_212449_4906
CMSSW_5_3_2_patch5_HIG-Summer12_DR53X-00355_T1_TW_ASGC_MSS_PREP_v1__120928_212451_6818
CMSSW_5_3_2_patch5_HIG-Summer12_DR53X-00359_T1_DE_KIT_MSS_PREP_v1__120928_212453_2763
CMSSW_5_3_2_patch5_HIG-Summer12_DR53X-00361_T1_DE_KIT_MSS_PREP_v1__120928_212455_8989
CMSSW_5_3_2_patch5_HIG-Summer12_DR53X-00363_T1_DE_KIT_MSS_PREP_v1__120928_212457_9738
CMSSW_5_3_2_patch5_HIG-Summer12_DR53X-00365_T1_DE_KIT_MSS_PREP_v1__120928_212459_5664
CMSSW_5_3_2_patch5_HIG-Summer12_DR53X-00367_T1_DE_KIT_MSS_PREP_v1__120928_212502_2007
CMSSW_5_3_2_patch5_HIG-Summer12_DR53X-00390_T1_US_FNAL_MSS_PREP_v1__120928_212504_4419
CMSSW_5_3_2_patch5_HIG-Summer12_DR53X-00391_T1_US_FNAL_MSS_PREP_v1__120928_212507_591
CMSSW_5_3_2_patch5_HIG-Summer12_DR53X-00395_T1_US_FNAL_MSS_PREP_v1__120928_212508_9461
CMSSW_5_3_2_patch5_HIG-Summer12_DR53X-00464_T1_ES_PIC_MSS_PREP_v1__120928_212511_7657
CMSSW_5_3_2_patch5_HIG-Summer12_DR53X-00467_T1_ES_PIC_MSS_PREP_v1__120928_212513_9084
CMSSW_5_3_2_patch5_HIG-Summer12_DR53X-00469_T1_ES_PIC_MSS_PREP_v1__120928_212515_7669
CMSSW_5_3_2_patch5_HIG-Summer12_DR53X-00470_T1_ES_PIC_MSS_PREP_v1__120928_212518_4753
CMSSW_5_3_2_patch5_HIG-Summer12_DR53X-00476_T1_US_FNAL_MSS_PREP_v1__120928_212520_4682
CMSSW_5_3_2_patch5_HIG-Summer12_DR53X-00480_T1_US_FNAL_MSS_PREP_v1__120928_212522_6127
CMSSW_5_3_2_patch5_HIG-Summer12_DR53X-00534_T1_IT_CNAF_MSS_PREP_v1__120928_212524_2115
CMSSW_5_3_2_patch5_HIG-Summer12_DR53X-00535_T1_IT_CNAF_MSS_PREP_v1__120928_212527_2620
CMSSW_5_3_2_patch5_HIG-Summer12_DR53X-00538_T1_IT_CNAF_MSS_PREP_v1__120928_212529_5743
CMSSW_5_3_2_patch5_HIG-Summer12_DR53X-00540_T1_IT_CNAF_MSS_PREP_v1__120928_212531_7992
CMSSW_5_3_2_patch5_HIG-Summer12_DR53X-00550_T1_DE_KIT_MSS_PREP_v1__120928_212533_9733
CMSSW_5_3_2_patch5_HIG-Summer12_DR53X-00552_T1_DE_KIT_MSS_PREP_v1__120928_212536_6144
CMSSW_5_3_2_patch5_HIG-Summer12_DR53X-00554_T1_DE_KIT_MSS_PREP_v1__120928_212538_9207
CMSSW_5_3_2_patch5_HIG-Summer12_DR53X-00556_T1_DE_KIT_MSS_PREP_v1__120928_212541_7372
CMSSW_5_3_2_patch5_HIG-Summer12_DR53X-00582_T1_US_FNAL_MSS_PREP_v1__120928_212544_2010
CMSSW_5_3_2_patch5_HIG-Summer12_DR53X-00611_T1_DE_KIT_MSS_PREP_v1__120928_212546_688
CMSSW_5_3_2_patch5_HIG-Summer12_DR53X-00612_T1_TW_ASGC_MSS_PREP_v1__120928_212549_2669
CMSSW_5_3_2_patch5_HIG-Summer12_DR53X-00613_No_custT1_PREP_v1__120928_212551_2193
CMSSW_5_3_2_patch5_HIG-Summer12_DR53X-00614_T1_TW_ASGC_MSS_PREP_v1__120928_212553_5843
CMSSW_5_3_2_patch5_HIG-Summer12_DR53X-00615_T1_DE_KIT_MSS_PREP_v1__120928_212556_136
CMSSW_5_3_2_patch5_HIG-Summer12_DR53X-00616_T1_DE_KIT_MSS_PREP_v1__120928_212558_224
CMSSW_5_3_2_patch5_HIG-Summer12_DR53X-00617_T1_DE_KIT_MSS_PREP_v1__120928_212600_979
CMSSW_5_3_2_patch5_HIG-Summer12_DR53X-00618_T1_DE_KIT_MSS_PREP_v1__120928_212604_277
CMSSW_5_3_2_patch5_HIG-Summer12_DR53X-00620_T1_DE_KIT_MSS_PREP_v1__120928_212606_2932
CMSSW_5_3_2_patch5_HIG-Summer12_DR53X-00669_T1_IT_CNAF_MSS_PREP_v1__120928_212608_4542
CMSSW_5_3_2_patch5_HIG-Summer12_DR53X-00721_T1_TW_ASGC_MSS_PREP_v1__120928_212610_6895
CMSSW_5_3_2_patch5_HIG-Summer12_DR53X-00722_T1_TW_ASGC_MSS_PREP_v1__120928_212612_2044
CMSSW_5_3_2_patch5_HIG-Summer12_DR53X-00723_T1_TW_ASGC_MSS_PREP_v1__120928_212614_3086
CMSSW_5_3_2_patch5_HIG-Summer12_DR53X-00724_T1_TW_ASGC_MSS_PREP_v1__120928_212616_9531
CMSSW_5_3_2_patch5_HIG-Summer12_DR53X-00725_T1_TW_ASGC_MSS_PREP_v1__120928_212618_9936
CMSSW_5_3_2_patch5_HIG-Summer12_DR53X-00726_T1_TW_ASGC_MSS_PREP_v1__120928_212621_1489
CMSSW_5_3_2_patch5_HIG-Summer12_DR53X-00727_T1_TW_ASGC_MSS_PREP_v1__120928_212623_2486
CMSSW_5_3_2_patch5_HIG-Summer12_DR53X-00728_T1_TW_ASGC_MSS_PREP_v1__120928_212625_4078
CMSSW_5_3_2_patch5_HIG-Summer12_DR53X-00729_T1_TW_ASGC_MSS_PREP_v1__120928_212627_7391
CMSSW_5_3_2_patch5_HIG-Summer12_DR53X-00730_T1_TW_ASGC_MSS_PREP_v1__120928_212630_1075
None_RVCMSSW_6_0_0_pre10RunElectron2012A_120801_160346_9182
PREP_JME-Summer12_DR52X-00039_T1_DE_KIT_MSS_--blocks_v1__120523_130249_4244
PREP_SUS-Summer12_DR53X-00032_T1_US_FNAL_MSS_--blocks_v1__120927_125059_7455
_design/ReqMgr
amaltaro_RVCMSSW_5_2_7_cand4WElSkim2011A_120919_211317_411
amaltaro_RVCMSSW_6_0_0_patch1RunPhoton2011B_121003_151106_8539
amaltaro_RVCMSSW_6_0_0_patch1RunPhoton2011B_121003_160040_3779
boudoul_RVCMSSW_6_0_0_SLHCtkpre1FourMuPt1_200_UPGphase1_120923_201551_857
boudoul_TTbarstd_428SLHCtk2_120511_041623_3071
casarsa_BPH-Summer12-00005_15_v1__120612_151154_8470
casarsa_BPH-Summer12-00005_18_v2__120612_140146_8612
casarsa_BPH-Summer12-00005_18_v2__120612_140228_7929
casarsa_BPH-Summer12-00005_18_v2__120612_140512_9755
casarsa_BPH-Summer12-00005_18_v2__120612_140542_5794
casarsa_BPH-Summer12-00005_18_v2__120612_140558_3782
casarsa_BPH-Summer12-00005_18_v2__120612_140832_4223
casarsa_BPH-Summer12-00005_18_v2__120612_141057_3396
casarsa_BPH-Summer12-00005_18_v2__120612_141127_1506
casarsa_BPH-Summer12-00005_18_v2__120612_141252_8126
casarsa_BPH-Summer12-00005_18_v2__120612_141311_3602
casarsa_BPH-Summer12-00005_18_v2__120612_141455_4272
casarsa_BPH-Summer12-00005_18_v2__120612_141646_5547
casarsa_BPH-Summer12-00005_18_v2__120612_142311_5844
casarsa_BPH-Summer12-00005_18_v2__120612_142405_2416
casarsa_BPH-Summer12-00005_18_v2__120612_142446_9061
casarsa_BPH-Summer12-00005_18_v2__120612_143524_3437
casarsa_BPH-Summer12-00005_18_v2__120612_143915_6663
casarsa_BPH-Summer12-00005_18_v2__120612_144120_2617
casarsa_BPH-Summer12-00005_18_v2__120612_144220_617
casarsa_BPH-Summer12-00005_18_v2__120612_144700_7081
casarsa_BPH-Summer12-00005_18_v2__120612_144900_7563
casarsa_BPH-Summer12-00005_18_v2__120612_145230_487
casarsa_BPH-Summer12-00005_18_v2__120612_145444_5845
casarsa_BPH-Summer12-00005_18_v2__120612_145822_6996
casarsa_BPH-Summer12-00005_18_v2__120612_150416_8706
casarsa_BPH-Summer12-00005_18_v2__120612_151511_9474
casarsa_BPH-Summer12-00005_18_v2__120612_151555_5667
casarsa_BPH-Summer12-00005_18_v2__120612_152033_2314
casarsa_BPH-Summer12-00005_18_v2__120612_152259_1844
casarsa_BPH-Summer12-00024_21_v3__120724_114233_3106
casarsa_BPH-Summer12-00024_21_v3__120724_114258_6848
casarsa_TKCosmicsP10DECO_428p7_120418_153035_444
casarsa_TKCosmicsP10DECO_428p7_120418_153608_2924
cmsdataops_SUS-FSIM-Summer11-5564_rq894_FSIM_01_T1_UK_RAL_LHE_120203_170608_9099
dpiparo_EASTER_BUNNIES_DONOTCONSIDER_BPH-Summer11-90000_429HLT1bphp1_120406_180630_1861
dpiparo_GT_GR_R_52_V4B_520_120307_183044
dpiparo_GT_GR_R_52_V4B_520_120307_183152
dpiparo_GT_GR_R_52_V4B_520_120307_184057
dpiparo_GT_GR_R_52_V4B_520_120307_184343
dpiparo_GT_GR_R_52_V4B_520_120307_185759
efajardo_ACDCMerge_HIG-Summer11-01092_97_v1__120615_165210_7959
efajardo_ACDCMerge_HIG-Summer11-01092_97_v1__120615_165243_5915
efajardo_ACDCMerge_MissingSkimsOnMuHad_525p3__120622_102707_7146
efajardo_ACDCMerge_MissingSkimsOnMuHad_525p3__120622_102732_2257
efajardo_ACDCMerge_MissingSkimsOnMuHad_525p3__120622_102753_8870
efajardo_ACDC_merge_HIG-Summer12-00153_R1366_B97_02_LHE_120618_140306_3259
efajardo_ACDCmerge_HIG-Summer12-00153_R1366_B97_02_LHE_120618_140229_5295
efajardo_EWK-Summer12_DR53X-00098_T1_US_FNAL_MSS_batch99_v1__121105_181802_4929
efajardo_ElectronHadSkim_2011A_442p2_DataReprocessingElectronHad_111119_005542_111214_143333
eotrassa_HIG-Summer12_DR52X-00227_T1_US_FNAL_MSS_batch26_v1__120507_135104_3283
eotrassa_HIG-Summer12_DR52X-00228_T1_US_FNAL_MSS_batch26_v1__120507_135107_1386
eotrassa_HIG-Summer12_DR52X-00229_T1_US_FNAL_MSS_batch26_v1__120507_135109_4103
eotrassa_HIG-Summer12_DR52X-00230_T1_ES_PIC_MSS_batch26_v1__120507_135111_9349
eotrassa_HIG-Summer12_DR52X-00231_No_custT1_batch26_v1__120507_135113_8268
eotrassa_HIG-Summer12_DR52X-00232_T1_ES_PIC_MSS_batch26_v1__120507_135116_469
eotrassa_HIG-Summer12_DR52X-00233_T1_US_FNAL_MSS_batch26_v1__120507_135118_4231
eotrassa_HIG-Summer12_DR52X-00234_T1_US_FNAL_MSS_batch26_v1__120507_135120_6162
eotrassa_HIG-Summer12_DR52X-00235_T1_US_FNAL_MSS_batch26_v1__120507_135122_2892
eotrassa_HIG-Summer12_DR52X-00236_T1_US_FNAL_MSS_batch26_v1__120507_135124_4009
eotrassa_HIG-Summer12_DR52X-00237_T1_US_FNAL_MSS_batch26_v1__120507_135126_6984
eotrassa_HIG-Summer12_DR52X-00238_T1_US_FNAL_MSS_batch26_v1__120507_135129_2590
eotrassa_HIG-Summer12_DR52X-00239_T1_US_FNAL_MSS_batch26_v1__120507_135131_3802
eotrassa_HIG-Summer12_DR52X-00240_T1_US_FNAL_MSS_batch26_v1__120507_135133_9582
eotrassa_HIG-Summer12_DR52X-00241_T1_US_FNAL_MSS_batch26_v1__120507_135135_9887
eotrassa_HIG-Summer12_DR52X-00242_No_custT1_batch26_v1__120507_135138_4121
eotrassa_HIG-Summer12_DR52X-00243_T1_US_FNAL_MSS_batch26_v1__120507_135140_2325
eotrassa_HIG-Summer12_DR52X-00244_T1_US_FNAL_MSS_batch26_v1__120507_135142_7387
eotrassa_HIG-Summer12_DR52X-00245_No_custT1_batch26_v1__120507_135144_3833
eotrassa_HIG-Summer12_DR52X-00246_T1_US_FNAL_MSS_batch26_v1__120507_135147_5006
eotrassa_HIG-Summer12_DR52X-00247_No_custT1_batch26_v1__120507_135149_4401
eotrassa_HIG-Summer12_DR52X-00248_T1_US_FNAL_MSS_batch26_v1__120507_135151_8200
eotrassa_HIG-Summer12_DR52X-00249_T1_US_FNAL_MSS_batch26_v1__120507_135153_8806
eotrassa_HIG-Summer12_DR52X-00250_T1_US_FNAL_MSS_batch26_v1__120507_135156_3998
eotrassa_HIG-Summer12_DR52X-00251_T1_US_FNAL_MSS_batch26_v1__120507_135158_8419
eotrassa_HIG-Summer12_DR52X-00252_No_custT1_batch26_v1__120507_135200_8728
eotrassa_HIG-Summer12_DR52X-00253_T1_US_FNAL_MSS_batch26_v1__120507_135203_24
eotrassa_HIG-Summer12_DR52X-00254_T1_US_FNAL_MSS_batch26_v1__120507_135206_3727
eotrassa_HIG-Summer12_DR52X-00255_T1_US_FNAL_MSS_batch26_v1__120507_135208_6836
eotrassa_HIG-Summer12_DR52X-00256_T1_ES_PIC_MSS_batch26_v1__120507_135211_1338
eotrassa_HIG-Summer12_DR52X-00257_T1_US_FNAL_MSS_batch26_v1__120507_135212_9145
etorassa_B2G-Summer12_DR53X-00246_T1_IT_CNAF_MSS_batch117_v1__121127_150224_4456
etorassa_B2G-Summer12_DR53X-00247_T1_IT_CNAF_MSS_batch117_v1__121127_150221_1094
etorassa_B2G-Summer12_DR53X-00248_T1_IT_CNAF_MSS_batch117_v1__121127_150217_3778
etorassa_B2G-Summer12_DR53X-00249_T1_IT_CNAF_MSS_batch117_v1__121127_150214_411
etorassa_B2G-Summer12_DR53X-00250_T1_IT_CNAF_MSS_batch117_v1__121127_150210_2498
etorassa_B2G-Summer12_DR53X-00251_T1_IT_CNAF_MSS_batch117_v1__121127_150207_2002
etorassa_B2G-Summer12_DR53X-00252_T1_UK_RAL_MSS_batch117_v1__121127_150205_257
etorassa_B2G-Summer12_DR53X-00253_T1_ES_PIC_MSS_batch117_v1__121127_150202_6334
etorassa_B2G-Summer12_DR53X-00254_T1_ES_PIC_MSS_batch117_v1__121127_150159_5777
etorassa_B2G-Summer12_DR53X-00255_T1_IT_CNAF_MSS_batch117_v1__121127_150156_1570
etorassa_B2G-Summer12_DR53X-00256_T1_IT_CNAF_MSS_batch117_v1__121127_150153_5556
etorassa_B2G-Summer12_DR53X-00257_T1_UK_RAL_MSS_batch117_v1__121127_150151_1679
etorassa_B2G-Summer12_DR53X-00258_T1_IT_CNAF_MSS_batch117_v1__121127_150147_5841
etorassa_B2G-Summer12_DR53X-00259_T1_IT_CNAF_MSS_batch117_v1__121127_150144_8012
etorassa_B2G-Summer12_DR53X-00260_T1_IT_CNAF_MSS_batch117_v1__121127_150141_1721
etorassa_B2G-Summer12_DR53X-00261_T1_IT_CNAF_MSS_batch117_v1__121127_150138_6208
etorassa_B2G-Summer12_DR53X-00262_T1_IT_CNAF_MSS_batch117_v1__121127_150134_8429
etorassa_B2G-Summer12_DR53X-00263_T1_IT_CNAF_MSS_batch117_v1__121127_150131_22
etorassa_B2G-Summer12_DR53X-00264_T1_IT_CNAF_MSS_batch117_v1__121127_150127_5284
etorassa_B2G-Summer12_DR53X-00265_T1_IT_CNAF_MSS_batch117_v1__121127_150124_3824
etorassa_B2G-Summer12_DR53X-00266_T1_IT_CNAF_MSS_batch117_v1__121127_150121_3598
etorassa_B2G-Summer12_DR53X-00267_T1_ES_PIC_MSS_batch117_v1__121127_150119_3152
etorassa_B2G-Summer12_DR53X-00268_T1_UK_RAL_MSS_batch117_v1__121127_150116_1158
etorassa_B2G-Summer12_DR53X-00269_T1_UK_RAL_MSS_batch117_v1__121127_150113_6040
etorassa_B2G-Summer12_DR53X-00270_T1_UK_RAL_MSS_batch117_v1__121127_150107_8538
etorassa_B2G-Summer12_DR53X-00271_T1_UK_RAL_MSS_batch117_v1__121127_150105_5597
etorassa_BPH-Fall11_R2-00070_T1_TW_ASGC_MSS_HLTBPh2011_b3_v1__120615_191823_1252
etorassa_BPH-Fall11_R2-00070_T1_TW_ASGC_MSS_HLTBPh2011_b3_v1__120615_192229_8273
etorassa_BPH-Fall11_R2-00070_T1_TW_ASGC_MSS_HLTBPh2011_b3_v1__120615_192243_5923
etorassa_BPH-Fall11_R2-00070_T1_TW_ASGC_MSS_HLTBPh2011_v1__120615_191731_9171
etorassa_EWK-Summer12-00010__v3__120209_125324_1935
etorassa_EWK-Summer12-00010__v3__120209_130103_6432
etorassa_EWK-Summer12-00011__v3__120209_125326_3422
etorassa_EWK-Summer12-00011__v3__120209_130105_4687
etorassa_EWK-Summer12-00012__v3__120209_125327_8602
etorassa_EWK-Summer12-00012__v3__120209_130106_5488
etorassa_EWK-Summer12_DR51X-00012_T1_US_FNAL_MSS_batch5_v1__120328_174902
etorassa_EWK-Summer12_DR51X-00012_T1_US_FNAL_MSS_batch5_v1__120328_174938
etorassa_EWK-Summer12_DR51X-00013_T1_US_FNAL_MSS_batch6_v1__120403_181213_8898
etorassa_EWK-Summer12_DR51X-00018_T1_US_FNAL_MSS_batch10_v1__120815_172500_1086
etorassa_EWK-Summer12_DR51X-00018_T1_US_FNAL_MSS_batch10_v1__120815_172520_80
etorassa_EWK-Summer12_DR51X-00018_T1_US_FNAL_MSS_batch10_v1__120815_172607_8877
etorassa_EWK-Summer12_DR51X-00018_T1_US_FNAL_MSS_batch10_v1__120815_172913_9679
etorassa_EWK-Summer12_DR51X-00018_T1_US_FNAL_MSS_batch10_v1__120815_172925_1875
etorassa_EWK-Summer12_DR51X-00018_T1_US_FNAL_MSS_batch10_v1__120815_173125_6150
etorassa_EWK-Summer12_DR51X-00018_T1_US_FNAL_MSS_batch10_v1__120815_173139_1513
etorassa_EWK-Summer12_DR51X-00018_T1_US_FNAL_MSS_batch10_v1__120815_174747_7234
etorassa_EXO-Summer12_DR53X-02089_T1_IT_CNAF_MSS_batch117_v1__121127_150103_225
etorassa_EXO-Summer12_DR53X-02090_T1_IT_CNAF_MSS_batch117_v1__121127_150100_219
etorassa_EXO-Summer12_DR53X-02091_T1_IT_CNAF_MSS_batch117_v1__121127_150057_2130
etorassa_EXO-Summer12_DR53X-02093_T1_IT_CNAF_MSS_batch117_v1__121127_150054_2026
etorassa_HIG-Fall11_R1-01102_T1_IT_CNAF_MSS__v1__120626_164111_3040
etorassa_HIG-Summer12_DR51X-00003_T1_ES_PIC_MSS_batch5_v1__120328_170215
etorassa_HIG-Summer12_DR51X-00003_T1_ES_PIC_MSS_batch5_v1__120328_170434
etorassa_HIG-Summer12_DR52X-00185_T1_TW_ASGC_MSS_batch14_v1__120507_185054_2285
etorassa_HIG-Summer12_DR52X-00185_T1_TW_ASGC_MSS_batch14_v1__120507_185119_7928
etorassa_HIG-Summer12_DR52X-00185_T1_TW_ASGC_MSS_batch14_v1__120507_185146_7602
etorassa_HIG-Summer12_DR52X-00185_T1_TW_ASGC_MSS_batch14_v1__120507_185402_2359
etorassa_HIG-Summer12_DR52X-00185_T1_TW_ASGC_MSS_batch14_v1__120507_185510_7599
etorassa_HIG-Summer12_DR52X-00185_T1_TW_ASGC_MSS_batch14_v1__120507_185545_8275
etorassa_HIG-Summer12_DR53X-00948_T1_US_FNAL_MSS_batch117_v1__121127_150051_7798
etorassa_JME-Summer12-00069__v1__120209_125329_2220
etorassa_JME-Summer12-00069__v1__120209_130109_6412
etorassa_JME-Summer12-00070__v1__120209_125330_7063
etorassa_JME-Summer12-00070__v1__120209_130110_9362
etorassa_JME-Summer12-00071__v1__120209_125331_8897
etorassa_JME-Summer12-00071__v1__120209_130112_7684
etorassa_JME-Summer12-00072__v1__120209_125335_857
etorassa_JME-Summer12-00072__v1__120209_130114_3745
etorassa_JME-Summer12-00073__v1__120209_125336_7136
etorassa_JME-Summer12-00073__v1__120209_130117_7986
etorassa_JME-Summer12-00074__v1__120209_125337_8410
etorassa_JME-Summer12-00074__v1__120209_130118_9177
etorassa_JME-Summer12-00075__v1__120209_125340_3981
etorassa_JME-Summer12-00075__v1__120209_130120_7664
etorassa_JME-Summer12-00076__v1__120209_125342_3171
etorassa_JME-Summer12-00076__v1__120209_130121_7972
etorassa_JME-Summer12-00077__v1__120209_125343_6873
etorassa_JME-Summer12-00077__v1__120209_130123_5479
etorassa_JME-Summer12-00078__v1__120209_125347_4160
etorassa_JME-Summer12-00078__v1__120209_130124_8797
etorassa_JME-Summer12-00079__v1__120209_125348_4749
etorassa_JME-Summer12-00079__v1__120209_130126_2318
etorassa_JME-Summer12-00083__v1__120209_125349_9624
etorassa_JME-Summer12-00083__v1__120209_130127_2374
etorassa_JME-Summer12-00084__v1__120209_125351_4870
etorassa_JME-Summer12-00084__v1__120209_130129_621
etorassa_JME-Summer12-00085__v1__120209_125353_9316
etorassa_JME-Summer12-00085__v1__120209_130131_2366
etorassa_JME-Summer12-00086__v1__120209_125355_3800
etorassa_JME-Summer12-00086__v1__120209_130132_6903
franzoni_WprimeToMuNu_M_2000_8TeV_pythia6_600pre10_120811_171238_4690
franzoni_WprimeToMuNu_M_2000_8TeV_pythia6_600pre10_120811_171446_9948
franzoni_WprimeToMuNu_M_2000_8TeV_pythia6_600pre10_120811_171651_1183
franzoni_WprimeToMuNu_M_2000_8TeV_pythia6_600pre10_120811_171906_8556
franzoni_WprimeToMuNu_M_2000_8TeV_pythia6_600pre10_120811_171946_757
franzoni_WprimeToMuNu_M_2000_8TeV_pythia6_600pre10_120811_172248_4861
franzoni_WprimeToMuNu_M_2000_8TeV_pythia6_600pre10_120811_174057_1965
franzoni_WprimeToMuNu_M_2000_8TeV_pythia6_600pre10_120811_174304_5314
hernan_IntegrationTest_JH_01_MCTest_T2_ES_CIEMAT_110929_094212
hernan_IntegrationTest_JH_01_MCTest_T2_ES_CIEMAT_110929_171123
hernan_IntegrationTest_JH_01_MCTest_T2_ES_CIEMAT_110929_225822
hernan_IntegrationTest_JH_01_MCTest_T2_ES_CIEMAT_111003_113805
hernan_IntegrationTest_JH_01_MCTest_T2_ES_CIEMAT_111003_175851
hernan_IntegrationTest_JH_01_MCTest_T2_ES_CIEMAT_111017_122822
hernan_IntegrationTest_JH_01_MCTest_T2_ES_CIEMAT_111018_185731
hernan_IntegrationTest_JH_01_MCTest_T2_ES_CIEMAT_111019_121441
hernan_IntegrationTest_JH_01_MCTest_T2_ES_CIEMAT_111019_155412
hernan_IntegrationTest_JH_01_MCTest_T2_ES_CIEMAT_111020_190721
hernan_IntegrationTest_JH_01_MCTest_T2_ES_CIEMAT_111020_232609
hernan_IntegrationTest_JH_02_MCTest_T2_ES_CIEMAT_111003_233013
hernan_IntegrationTest_JH_03_MCTest_ManySites_111007_113853
hernan_IntegrationTest_JH_03_MCTest_T2_BE_IIHE_111006_123608
hernan_IntegrationTest_JH_03_MCTest_T2_BE_IIHE_111006_130314
hernan_IntegrationTest_JH_03_MCTest_T2_BE_IIHE_111006_131131
hernan_IntegrationTest_JH_03_MCTest_T2_BE_UCL_111006_131250
hernan_IntegrationTest_JH_03_MCTest_T2_BR_SPRACE_111006_131412
hernan_IntegrationTest_JH_03_MCTest_T2_CH_CSCS_111006_131531
hernan_IntegrationTest_JH_03_MCTest_T2_DE_DESY_111006_113345
hernan_IntegrationTest_JH_03_MCTest_T2_DE_RWTH_111006_131551
hernan_IntegrationTest_JH_03_MCTest_T2_EE_Estonia_111006_131621
hernan_IntegrationTest_JH_03_MCTest_T2_ES_CIEMAT_111004_234242
hernan_IntegrationTest_JH_03_MCTest_T2_ES_IFCA_111006_131658
hernan_IntegrationTest_JH_03_MCTest_T2_FI_HIP_111006_131809
hernan_IntegrationTest_JH_03_MCTest_T2_FR_CCIN2P3_111006_140608
hernan_IntegrationTest_JH_03_MCTest_T2_FR_CCIN2P3_111006_145311
hernan_IntegrationTest_JH_03_MCTest_T2_FR_GRIF_LLR_111006_131839
hernan_IntegrationTest_JH_03_MCTest_T2_FR_IPHC_111006_131859
hernan_IntegrationTest_JH_03_MCTest_T2_HU_Budapest_111006_141248
hernan_IntegrationTest_JH_03_MCTest_T2_IT_Bari_111006_141444
hernan_IntegrationTest_JH_03_MCTest_T2_IT_Legnaro_111006_141520
hernan_IntegrationTest_JH_03_MCTest_T2_IT_Pisa_111006_141633
hernan_IntegrationTest_JH_03_MCTest_T2_IT_Rome_111006_142521
hernan_IntegrationTest_JH_03_MCTest_T2_KR_KNU_111006_142954
hernan_IntegrationTest_JH_03_MCTest_T2_PK_NCP_111006_143012
hernan_IntegrationTest_JH_03_MCTest_T2_PL_Warsaw_111006_143032
hernan_IntegrationTest_JH_03_MCTest_T2_PT_LIP_Lisbon_111006_143056
hernan_IntegrationTest_JH_03_MCTest_T2_RU_IHEP_111006_143116
hernan_IntegrationTest_JH_03_MCTest_T2_RU_INR_111006_143138
hernan_IntegrationTest_JH_03_MCTest_T2_RU_JINR_111006_143200
hernan_IntegrationTest_JH_03_MCTest_T2_RU_PNPI_111006_143221
hernan_IntegrationTest_JH_03_MCTest_T2_RU_SINP_111006_143243
hernan_IntegrationTest_JH_03_MCTest_T2_TR_METU_111006_143307
hernan_IntegrationTest_JH_03_MCTest_T2_TW_Taiwan_111006_143327
hernan_IntegrationTest_JH_03_MCTest_T2_UA_KIPT_111006_143343
hernan_IntegrationTest_JH_03_MCTest_T2_UK_London_Brunel_111006_143806
hernan_IntegrationTest_JH_03_MCTest_T2_UK_London_IC_111006_143829
hernan_IntegrationTest_JH_03_MCTest_T2_UK_SGrid_RALPP_111006_143846
hernan_IntegrationTest_JH_03_MCTest_T2_US_Caltech_111006_143906
hernan_IntegrationTest_JH_03_MCTest_T2_US_Caltech_111012_100420
hernan_IntegrationTest_JH_03_MCTest_T2_US_Caltech_111014_095155
hernan_IntegrationTest_JH_03_MCTest_T2_US_Florida_111006_143922
hernan_IntegrationTest_JH_03_MCTest_T2_US_MIT_111006_143941
hernan_IntegrationTest_JH_03_MCTest_T2_US_Nebraska_111006_144001
hernan_IntegrationTest_JH_03_MCTest_T2_US_Purdue_111006_144023
hernan_IntegrationTest_JH_03_MCTest_T2_US_UCSD_111006_144040
hernan_IntegrationTest_JH_03_MCTest_T2_US_Vanderbilt_111006_144058
hernan_IntegrationTest_JH_03_MCTest_T2_US_Wisconsin_111006_144126
hernan_IntegrationTest_PK_01_MCTest_ManySites_111021_155901
hernan_IntegrationTest_PK_01_MCTest_ManySites_111027_110221
hernan_IntegrationTest_PK_01_MCTest_ManySites_111027_110757
hernan_IntegrationTest_PK_01_MCTest_T2_CN_Beijing_111020_180540
hernan_IntegrationTest_PK_01_MCTest_T2_ES_CIEMAT_111025_125214
hernan_IntegrationTest_PK_01_MCTest_T2_ES_CIEMAT_111025_153631
hernan_IntegrationTest_PK_01_MCTest_T2_ES_IFCA_111017_155612
hernan_IntegrationTest_PK_01_MCTest_T2_FI_HIP_111027_144526
hernan_IntegrationTest_PK_01_MCTest_T2_IN_TIFR_111028_125017
hernan_IntegrationTest_PK_01_MCTest_T2_PK_NCP_111017_111839
hernan_IntegrationTest_PK_01_MCTest_T2_PT_LIP_Lisbon_111017_095956
hernan_IntegrationTest_PK_01_MCTest_T2_PT_LIP_Lisbon_111020_183221
hernan_IntegrationTest_PK_01_MCTest_T2_PT_LIP_Lisbon_111021_114346
hernan_IntegrationTest_PK_01_MCTest_T2_RU_IHEP_111017_111728
hernan_IntegrationTest_PK_01_MCTest_T2_TR_METU_111019_124211
hernan_IntegrationTest_PK_01_MCTest_T2_TR_METU_111019_171348
hernan_IntegrationTest_PK_01_MCTest_T2_TR_METU_111024_101939
hernan_IntegrationTest_PK_01_MCTest_T2_UK_London_Brunel_111017_112741
hernan_IntegrationTest_PK_01_MCTest_T2_UK_SGrid_RALPP_111024_113711
hernan_IntegrationTest_PK_01_MCTest_T2_UK_SGrid_RALPP_111025_171912
hernan_IntegrationTest_PK_01_MCTest_T2_US_Caltech_111017_155652
hernan_IntegrationTest_PK_01_MCTest_T2_US_Nebraska_111017_155738
hernan_IntegrationTest_PK_01_MCTest_T2_US_Vanderbilt_111017_112700
hernan_IntegrationTest_PK_03_MCTest_T2_US_Caltech_111014_105225
linacre_ACDC3_MergeAOD_HiggsReReco_2012AB_525p3__120612_111325_6530_120616_004032_9565
linacre_ACDC3_Merge_HiggsReReco_2012AB_525p3__120612_110609_3080_120616_004141_1361
linacre_ACDC_merge_MissingSkimsOnMuHad_525p3_120618_154640_9398_120625_110546_2313
myuser_EXO-Summer11-01201_No_CustT1_v1_111215_115915
myuser_EXO-Summer11-01201_No_CustT1_v1_111215_121432
myuser_EXO-Summer11-01202_No_CustT1_v1_111215_115916
myuser_EXO-Summer11-01202_No_CustT1_v1_111215_121433
myuser_EXO-Summer11-01203_No_CustT1_v1_111215_115918
myuser_EXO-Summer11-01203_No_CustT1_v1_111215_121435
myuser_HIG-Summer11-01022_No_CustT1_v1_111215_115919
myuser_HIG-Summer11-01022_No_CustT1_v1_111215_121435
nnazirid_BPH-Summer12-00001_10_v3__120618_160144_7301
nnazirid_BPH-Summer12-00001_10_v3__120618_160817_2939
nnazirid_BPH-Summer12-00001_10_v3__120622_124549_5780
nnazirid_BPH-Summer12-00001_10_v3__120622_130403_6342
nnazirid_BPH-Summer12-00001_10_v3__120622_131816_9317
nnazirid_BPH-Summer12-00001_10_v3__120622_150449_5562
nnazirid_BPH-Summer12-00001_10_v3__120622_160917_9192
nnazirid_BPH-Summer12-00024_10_v4__120618_104250_8636
pkonst_IntegrationTest_PK_01_MCTest_T2_FI_HIP_120403_151455_7395
pppp_EXO-Fall11_R1-01346_T1_ES_PIC_MSS_batch37_v1__120301_154443
pppp_EXO-Fall11_R1-01347_T1_ES_PIC_MSS_batch37_v1__120301_154446
pppp_EXO-Fall11_R1-01348_T1_ES_PIC_MSS_batch37_v1__120301_154447
pppp_EXO-Fall11_R1-01349_T1_ES_PIC_MSS_batch37_v1__120301_154449
pppp_EXO-Fall11_R1-01350_T1_ES_PIC_MSS_batch37_v1__120301_154451
pppp_EXO-Fall11_R1-01351_T1_ES_PIC_MSS_batch37_v1__120301_154452
pppp_EXO-Fall11_R1-01352_T1_ES_PIC_MSS_batch37_v1__120301_154454
pppp_EXO-Fall11_R1-01353_T1_ES_PIC_MSS_batch37_v1__120301_154455
pppp_EXO-Fall11_R1-01354_T1_ES_PIC_MSS_batch37_v1__120301_154456
pppp_EXO-Fall11_R1-01355_T1_ES_PIC_MSS_batch37_v1__120301_154457
pppp_FWD-Fall11_R1-00056_T1_US_FNAL_MSS_batch37_v1__120301_154459
pppp_TOP-Fall11_R1-00109_T1_DE_KIT_MSS_batch37_v1__120301_154500
pppp_TOP-Fall11_R1-00110_T1_DE_KIT_MSS_batch37_v1__120301_154505
pppp_TOP-Fall11_R1-00111_T1_DE_KIT_MSS_batch37_v1__120301_154506
pppp_TOP-Fall11_R1-00112_T1_DE_KIT_MSS_batch37_v1__120301_154508
pppp_TOP-Fall11_R1-00113_T1_DE_KIT_MSS_batch37_v1__120301_154509
relval_RVCMSSW_6_1_0_pre3WElSkim2011A_121002_084103_7172
spinoso_EWK-Summer12-00002_rq1029_01_T1_DE_KIT_LHE_120703_233622_552
spinoso_EWK-Summer12-00002_rq1029_01_T1_DE_KIT_LHE_120703_233820_2531
spinoso_EWK-Summer12-00002_rq1029_01_T1_DE_KIT_LHE_120703_234931_8097
spinoso_EWK-Summer12-00002_rq1029_01_T1_DE_KIT_LHE_120703_235048_4959
spinoso_EWK-Summer12-00002_rq1029_01_T1_DE_KIT_LHE_120704_113629_7965
spinoso_EWK-Summer12-00002_rq1029_01_T1_DE_KIT_LHE_120704_113648_9447
spinoso_EWK-Summer12-00002_rq1029_01_T1_DE_KIT_LHE_120704_113713_9198
spinoso_EWK-Summer12-00002_rq1029_01_T1_DE_KIT_LHE_120704_113746_7415
spinoso_EXO-Summer11-01315_rq899_01_T1_ES_PIC_LHE_120703_233709_856
spinoso_EXO-Summer11-01316_rq899_02_T1_ES_PIC_LHE_120703_234055_4088
spinoso_EXO-Summer11-01318_rq899_04_T1_ES_PIC_LHE_120703_234009_1566
spinoso_EXO-Summer11-01320_rq899_06_T1_ES_PIC_LHE_120703_233657_4528
spinoso_EXO-Summer11-01320_rq899_06_T1_ES_PIC_LHE_120704_114659_2859
spinoso_HIG-Summer11-00805_rq903_00_T1_FNAL_LHE_120703_233756_7277
spinoso_HIG-Summer11-00806_rq903_01_T1_FNAL_LHE_120703_234142_3513
spinoso_HIG-Summer11-00807_rq903_02_T1_FNAL_LHE_120703_234031_8662
spinoso_HIG-Summer11-00808_rq903_03_T1_FNAL_LHE_120703_234305_6044
spinoso_HIG-Summer11-00808_rq903_03_T1_FNAL_LHE_120703_234718_8061
spinoso_HIG-Summer11-00808_rq903_03_T1_FNAL_LHE_120704_114610_735
spinoso_HIG-Summer11-00809_rq903_04_T1_FNAL_LHE_120703_233645_9284
spinoso_HIG-Summer11-00809_rq903_04_T1_FNAL_LHE_120704_114229_2433
spinoso_HIG-Summer11-00810_rq903_05_T1_FNAL_LHE_120703_234119_601
spinoso_HIG-Summer11-00812_rq903_07_T1_FNAL_LHE_120703_234020_4328
spinoso_HIG-Summer11-00813_rq903_08_T1_FNAL_LHE_120703_233720_4144
spinoso_HIG-Summer11-00814_rq903_09_T1_FNAL_LHE_120703_234242_2078
spinoso_HIG-Summer11-00815_rq903_10_T1_FNAL_LHE_120703_234218_8588
spinoso_HIG-Summer11-00816_rq903_11_T1_FNAL_LHE_120703_233832_7874
spinoso_SUS-UpgradeStdGeom-00019_R1584_B8_StdGeom_01_LHE_120801_105829_3260
spinoso_TOP-Summer11-00121_rq750_01_T1_KIT_LHE_120706_071700_6455
spinoso_TOP-Summer11-00121_rq750_01_T1_KIT_LHE_120706_230122_5887
spinoso_TOP-Summer11-00121_rq750_01_T1_KIT_LHE_120710_143145_9987
spinoso_TOP-Summer11-00121_rq750_01_T1_KIT_LHE_120710_143202_2926
spinoso_TOP-Summer12-00006_rq1068_01_T1_FR_CCIN2P3_LHE_120918_120957_262
spinoso_TOP-Summer12-00006_rq1068_01_T1_FR_CCIN2P3_LHE_120918_121143_4074
spinoso_TOP-Summer12-00006_rq1068_01_T1_FR_CCIN2P3_LHE_120918_121207_4501
spinoso_TOP-Summer12-00006_rq1068_01_T1_FR_CCIN2P3_LHE_120918_145344_1034
spinoso_TOP-Summer12-00006_rq1068_01_T1_FR_CCIN2P3_LHE_120918_145455_575
swakef_110714_115206
swakef_110718_170900
swakef_110720_151928
swakef_110805_174958
swakef_111019_143137
swakef_120622_120511_6953
swakef_120625_140043_3043
swakef_120625_140207_8445
swakef_120625_140538_1513
swakef_120625_140611_6456
swakef_120625_140913_3725
swakef_120625_141145_5951
swakef_120625_141704_2406
swakef_stuart-test-resub_120622_120438_1411
swakef_stuart-test-resub_120622_120658_7551
vlimant_RVCMSSW_5_3_4_TC125616patch1RunMinBias2012C_121030_153420_8922
vlimant_RVCMSSW_5_3_4_TC125616patch1RunMinBias2012C_121030_153838_2030
vlimant_RVCMSSW_5_3_4_TC125616patch1RunMinBias2012C_121030_154019_7995
vlimant_RVCMSSW_5_3_4_TC125616patch1RunMinBias2012C_121030_154315_3485
vlimant_RVCMSSW_6_0_1_PostLS1v2JpsiMM_121115_173001_1561
vlimant_RVCMSSW_6_0_1_PostLS1v2JpsiMM_121115_174937_3367
zmaxa_ANYTHING_120627_100454_2743



Oracle requests not present in CouchDB:
4 requests
dataops_IntegrationTest_JH_01_MCTest_T2_ES_CIEMAT_110921_224445
maxa_ANYTHINGANYTHING_120627_133524_1932
maxa_ANYTHINGANYTHING_120627_125015_6355
maxa_ANYTHINGANYTHING_120627_130446_3394
